%!Adobe-FontList 1.16
%Locale:0x409

%BeginFont
Handler:DirectoryHandler
FontType:Type1
FontName:DAGGERSQUARE
FamilyName:DAGGERSQUARE
StyleName:Regular
FullName:DAGGERSQUARE
MenuName:DAGGERSQUARE
StyleBits:0
WritingScript:Roman
OutlineFileName:E:\wave\Font\DAGGERSQUARE.otf
DataFormat:sfntData
UsesStandardEncoding:yes
isCFF:yes
FileLength:14192
FileModTime:1423052742
WeightClass:400
WidthClass:5
AngleClass:0
NameArray:0,Mac,4,DAGGERSQUARE
NameArray:0,Win,1,DAGGERSQUARE
%EndFont

%BeginFont
Handler:DirectoryHandler
FontType:Invalid
OutlineFileName:E:\wave\Font\daggersquare.zip
FileModTime:1547619785
%EndFont

%BeginFont
Handler:DirectoryHandler
FontType:Type1
FontName:DAGGERSQUARE-OBLIQUE
FamilyName:DAGGERSQUARE
StyleName:OBLIQUE
FullName:DAGGERSQUARE OBLIQUE
MenuName:DAGGERSQUARE
StyleBits:1
WritingScript:Roman
OutlineFileName:E:\wave\Font\DAGGERSQUARE_OBLIQUE.otf
DataFormat:sfntData
UsesStandardEncoding:yes
isCFF:yes
FileLength:14120
FileModTime:1423052891
WeightClass:400
WidthClass:5
AngleClass:1
NameArray:0,Mac,4,DAGGERSQUARE OBLIQUE
NameArray:0,Win,1,DAGGERSQUARE
%EndFont

